[INFO] [2016-10-20 10:13:57][org.springframework.context.support.ClassPathXmlApplicationContext]Refreshing org.springframework.context.support.ClassPathXmlApplicationContext@a540251: startup date [Thu Oct 20 10:13:57 CST 2016]; root of context hierarchy
  [INFO] [2016-10-20 10:13:58][org.springframework.beans.factory.xml.XmlBeanDefinitionReader]Loading XML bean definitions from class path resource [spring-mybatis.xml]
  [INFO] [2016-10-20 10:13:59][org.springframework.beans.factory.config.PropertyPlaceholderConfigurer]Loading properties file from class path resource [jdbc.propertis]
  [INFO] [2016-10-20 10:13:59][org.springframework.beans.factory.annotation.AutowiredAnnotationBeanPostProcessor]JSR-330 'javax.inject.Inject' annotation found and supported for autowiring
  [INFO] [2016-10-20 10:13:59][org.springframework.jdbc.datasource.DriverManagerDataSource]Loaded JDBC driver: com.mysql.jdbc.Driver
  [INFO] [2016-10-20 10:13:59][org.springframework.web.servlet.mvc.method.annotation.RequestMappingHandlerMapping]Mapped "{[/account/{id}/add]}" onto public int com.quicksand.controller.AccountController.add(java.lang.Integer)
  [INFO] [2016-10-20 10:13:59][org.springframework.web.servlet.mvc.method.annotation.RequestMappingHandlerMapping]Mapped "{[/redhatController],params=[redhatList]}" onto public org.springframework.web.servlet.ModelAndView com.quicksand.controller.HedhatController.redhatList(javax.servlet.http.HttpServletRequest)
  [INFO] [2016-10-20 10:13:59][org.springframework.web.servlet.mvc.method.annotation.RequestMappingHandlerMapping]Mapped "{[/redhatController],params=[login]}" onto public org.springframework.web.servlet.ModelAndView com.quicksand.controller.HedhatController.login(javax.servlet.http.HttpServletRequest)
  [INFO] [2016-10-20 10:13:59][org.springframework.web.servlet.mvc.method.annotation.RequestMappingHandlerMapping]Mapped "{[/couponController],params=[coupon]}" onto public org.springframework.web.servlet.ModelAndView com.quicksand.controller.JswyCouponController.index(javax.servlet.http.HttpServletRequest)
  [INFO] [2016-10-20 10:13:59][org.springframework.web.servlet.mvc.method.annotation.RequestMappingHandlerMapping]Mapped "{[/websocket/send]}" onto public java.lang.String com.quicksand.controller.WebsocketController.send(javax.servlet.http.HttpServletRequest)
  [INFO] [2016-10-20 10:13:59][org.springframework.web.servlet.mvc.method.annotation.RequestMappingHandlerMapping]Mapped "{[/websocket/login]}" onto public void com.quicksand.controller.WebsocketController.login(javax.servlet.http.HttpServletRequest,javax.servlet.http.HttpServletResponse) throws java.lang.Exception
  [WARN] [2016-10-20 10:14:00][org.springframework.context.support.ClassPathXmlApplicationContext]Exception encountered during context initialization - cancelling refresh attempt: org.springframework.beans.factory.BeanCreationException: Error creating bean with name 'defaultServletHandlerMapping' defined in class path resource [org/springframework/web/servlet/config/annotation/DelegatingWebMvcConfiguration.class]: Bean instantiation via factory method failed; nested exception is org.springframework.beans.BeanInstantiationException: Failed to instantiate [org.springframework.web.servlet.HandlerMapping]: Factory method 'defaultServletHandlerMapping' threw exception; nested exception is java.lang.IllegalArgumentException: A ServletContext is required to configure default servlet handling
  [INFO] [2016-10-20 10:15:49][org.springframework.context.support.ClassPathXmlApplicationContext]Refreshing org.springframework.context.support.ClassPathXmlApplicationContext@11641923: startup date [Thu Oct 20 10:15:49 CST 2016]; root of context hierarchy
  [INFO] [2016-10-20 10:15:49][org.springframework.beans.factory.xml.XmlBeanDefinitionReader]Loading XML bean definitions from class path resource [spring-mybatis.xml]
  [INFO] [2016-10-20 10:15:50][org.springframework.beans.factory.config.PropertyPlaceholderConfigurer]Loading properties file from class path resource [jdbc.propertis]
  [INFO] [2016-10-20 10:15:50][org.springframework.beans.factory.annotation.AutowiredAnnotationBeanPostProcessor]JSR-330 'javax.inject.Inject' annotation found and supported for autowiring
  [INFO] [2016-10-20 10:15:50][org.springframework.jdbc.datasource.DriverManagerDataSource]Loaded JDBC driver: com.mysql.jdbc.Driver
  [INFO] [2016-10-20 10:15:50][org.springframework.web.servlet.mvc.method.annotation.RequestMappingHandlerMapping]Mapped "{[/account/{id}/add]}" onto public int com.quicksand.controller.AccountController.add(java.lang.Integer)
  [INFO] [2016-10-20 10:15:50][org.springframework.web.servlet.mvc.method.annotation.RequestMappingHandlerMapping]Mapped "{[/redhatController],params=[login]}" onto public org.springframework.web.servlet.ModelAndView com.quicksand.controller.HedhatController.login(javax.servlet.http.HttpServletRequest)
  [INFO] [2016-10-20 10:15:50][org.springframework.web.servlet.mvc.method.annotation.RequestMappingHandlerMapping]Mapped "{[/redhatController],params=[redhatList]}" onto public org.springframework.web.servlet.ModelAndView com.quicksand.controller.HedhatController.redhatList(javax.servlet.http.HttpServletRequest)
  [INFO] [2016-10-20 10:15:50][org.springframework.web.servlet.mvc.method.annotation.RequestMappingHandlerMapping]Mapped "{[/couponController],params=[coupon]}" onto public org.springframework.web.servlet.ModelAndView com.quicksand.controller.JswyCouponController.index(javax.servlet.http.HttpServletRequest)
  [INFO] [2016-10-20 10:15:50][org.springframework.web.servlet.mvc.method.annotation.RequestMappingHandlerMapping]Mapped "{[/websocket/login]}" onto public void com.quicksand.controller.WebsocketController.login(javax.servlet.http.HttpServletRequest,javax.servlet.http.HttpServletResponse) throws java.lang.Exception
  [INFO] [2016-10-20 10:15:50][org.springframework.web.servlet.mvc.method.annotation.RequestMappingHandlerMapping]Mapped "{[/websocket/send]}" onto public java.lang.String com.quicksand.controller.WebsocketController.send(javax.servlet.http.HttpServletRequest)
  [WARN] [2016-10-20 10:15:50][org.springframework.context.support.ClassPathXmlApplicationContext]Exception encountered during context initialization - cancelling refresh attempt: org.springframework.beans.factory.BeanCreationException: Error creating bean with name 'defaultServletHandlerMapping' defined in class path resource [org/springframework/web/servlet/config/annotation/DelegatingWebMvcConfiguration.class]: Bean instantiation via factory method failed; nested exception is org.springframework.beans.BeanInstantiationException: Failed to instantiate [org.springframework.web.servlet.HandlerMapping]: Factory method 'defaultServletHandlerMapping' threw exception; nested exception is java.lang.IllegalArgumentException: A ServletContext is required to configure default servlet handling
  [INFO] [2016-10-20 10:19:05][org.springframework.context.support.ClassPathXmlApplicationContext]Refreshing org.springframework.context.support.ClassPathXmlApplicationContext@48c9f38: startup date [Thu Oct 20 10:19:05 CST 2016]; root of context hierarchy
  [INFO] [2016-10-20 10:19:05][org.springframework.beans.factory.xml.XmlBeanDefinitionReader]Loading XML bean definitions from class path resource [spring-mvc.xml]
  [INFO] [2016-10-20 10:19:05][org.springframework.beans.factory.xml.XmlBeanDefinitionReader]Loading XML bean definitions from URL [file:/D:/JavaProject/workspance/quicksand/target/classes/spring-mvc-task.xml]
  [INFO] [2016-10-20 10:19:05][org.springframework.beans.factory.annotation.AutowiredAnnotationBeanPostProcessor]JSR-330 'javax.inject.Inject' annotation found and supported for autowiring
  [INFO] [2016-10-20 10:19:05][org.springframework.scheduling.concurrent.ThreadPoolTaskExecutor]Initializing ExecutorService 
  [INFO] [2016-10-20 10:19:05][org.springframework.context.support.PostProcessorRegistrationDelegate$BeanPostProcessorChecker]Bean 'executor' of type [class org.springframework.scheduling.config.TaskExecutorFactoryBean] is not eligible for getting processed by all BeanPostProcessors (for example: not eligible for auto-proxying)
  [INFO] [2016-10-20 10:19:05][org.springframework.context.support.PostProcessorRegistrationDelegate$BeanPostProcessorChecker]Bean 'executor' of type [class org.springframework.scheduling.concurrent.ThreadPoolTaskExecutor] is not eligible for getting processed by all BeanPostProcessors (for example: not eligible for auto-proxying)
  [INFO] [2016-10-20 10:19:05][org.springframework.scheduling.concurrent.ThreadPoolTaskScheduler]Initializing ExecutorService  'scheduler'
  [INFO] [2016-10-20 10:19:05][org.springframework.context.support.PostProcessorRegistrationDelegate$BeanPostProcessorChecker]Bean 'scheduler' of type [class org.springframework.scheduling.concurrent.ThreadPoolTaskScheduler] is not eligible for getting processed by all BeanPostProcessors (for example: not eligible for auto-proxying)
  [WARN] [2016-10-20 10:19:05][org.springframework.context.support.ClassPathXmlApplicationContext]Exception encountered during context initialization - cancelling refresh attempt: org.springframework.beans.factory.BeanCreationException: Error creating bean with name 'accountController': Injection of autowired dependencies failed; nested exception is java.lang.NoClassDefFoundError: org/quartz/JobDetail
  [INFO] [2016-10-20 10:19:05][org.springframework.scheduling.concurrent.ThreadPoolTaskScheduler]Shutting down ExecutorService 'scheduler'
  [INFO] [2016-10-20 10:19:05][org.springframework.scheduling.concurrent.ThreadPoolTaskExecutor]Shutting down ExecutorService
  [INFO] [2016-10-20 10:19:14][org.springframework.context.support.ClassPathXmlApplicationContext]Refreshing org.springframework.context.support.ClassPathXmlApplicationContext@3184df1d: startup date [Thu Oct 20 10:19:14 CST 2016]; root of context hierarchy
  [INFO] [2016-10-20 10:19:14][org.springframework.beans.factory.xml.XmlBeanDefinitionReader]Loading XML bean definitions from class path resource [spring-mvc.xml]
  [INFO] [2016-10-20 10:19:14][org.springframework.beans.factory.xml.XmlBeanDefinitionReader]Loading XML bean definitions from URL [file:/D:/JavaProject/workspance/quicksand/target/classes/spring-mvc-task.xml]
  [INFO] [2016-10-20 10:19:14][org.springframework.beans.factory.annotation.AutowiredAnnotationBeanPostProcessor]JSR-330 'javax.inject.Inject' annotation found and supported for autowiring
  [INFO] [2016-10-20 10:19:14][org.springframework.scheduling.concurrent.ThreadPoolTaskExecutor]Initializing ExecutorService 
  [INFO] [2016-10-20 10:19:14][org.springframework.context.support.PostProcessorRegistrationDelegate$BeanPostProcessorChecker]Bean 'executor' of type [class org.springframework.scheduling.config.TaskExecutorFactoryBean] is not eligible for getting processed by all BeanPostProcessors (for example: not eligible for auto-proxying)
  [INFO] [2016-10-20 10:19:14][org.springframework.context.support.PostProcessorRegistrationDelegate$BeanPostProcessorChecker]Bean 'executor' of type [class org.springframework.scheduling.concurrent.ThreadPoolTaskExecutor] is not eligible for getting processed by all BeanPostProcessors (for example: not eligible for auto-proxying)
  [INFO] [2016-10-20 10:19:14][org.springframework.scheduling.concurrent.ThreadPoolTaskScheduler]Initializing ExecutorService  'scheduler'
  [INFO] [2016-10-20 10:19:14][org.springframework.context.support.PostProcessorRegistrationDelegate$BeanPostProcessorChecker]Bean 'scheduler' of type [class org.springframework.scheduling.concurrent.ThreadPoolTaskScheduler] is not eligible for getting processed by all BeanPostProcessors (for example: not eligible for auto-proxying)
  [WARN] [2016-10-20 10:19:14][org.springframework.context.support.ClassPathXmlApplicationContext]Exception encountered during context initialization - cancelling refresh attempt: org.springframework.beans.factory.BeanCreationException: Error creating bean with name 'accountController': Injection of autowired dependencies failed; nested exception is java.lang.NoClassDefFoundError: org/quartz/JobDetail
  [INFO] [2016-10-20 10:19:14][org.springframework.scheduling.concurrent.ThreadPoolTaskScheduler]Shutting down ExecutorService 'scheduler'
  [INFO] [2016-10-20 10:19:14][org.springframework.scheduling.concurrent.ThreadPoolTaskExecutor]Shutting down ExecutorService
  [INFO] [2016-10-20 10:20:36][org.springframework.context.support.ClassPathXmlApplicationContext]Refreshing org.springframework.context.support.ClassPathXmlApplicationContext@a540251: startup date [Thu Oct 20 10:20:36 CST 2016]; root of context hierarchy
  [INFO] [2016-10-20 10:20:36][org.springframework.beans.factory.xml.XmlBeanDefinitionReader]Loading XML bean definitions from class path resource [spring-mvc.xml]
  [INFO] [2016-10-20 10:20:36][org.springframework.beans.factory.xml.XmlBeanDefinitionReader]Loading XML bean definitions from URL [file:/D:/JavaProject/workspance/quicksand/target/classes/spring-mvc-task.xml]
  [INFO] [2016-10-20 10:20:36][org.springframework.beans.factory.annotation.AutowiredAnnotationBeanPostProcessor]JSR-330 'javax.inject.Inject' annotation found and supported for autowiring
  [INFO] [2016-10-20 10:20:36][org.springframework.scheduling.concurrent.ThreadPoolTaskExecutor]Initializing ExecutorService 
  [INFO] [2016-10-20 10:20:36][org.springframework.context.support.PostProcessorRegistrationDelegate$BeanPostProcessorChecker]Bean 'executor' of type [class org.springframework.scheduling.config.TaskExecutorFactoryBean] is not eligible for getting processed by all BeanPostProcessors (for example: not eligible for auto-proxying)
  [INFO] [2016-10-20 10:20:36][org.springframework.context.support.PostProcessorRegistrationDelegate$BeanPostProcessorChecker]Bean 'executor' of type [class org.springframework.scheduling.concurrent.ThreadPoolTaskExecutor] is not eligible for getting processed by all BeanPostProcessors (for example: not eligible for auto-proxying)
  [INFO] [2016-10-20 10:20:36][org.springframework.scheduling.concurrent.ThreadPoolTaskScheduler]Initializing ExecutorService  'scheduler'
  [INFO] [2016-10-20 10:20:36][org.springframework.context.support.PostProcessorRegistrationDelegate$BeanPostProcessorChecker]Bean 'scheduler' of type [class org.springframework.scheduling.concurrent.ThreadPoolTaskScheduler] is not eligible for getting processed by all BeanPostProcessors (for example: not eligible for auto-proxying)
  [WARN] [2016-10-20 10:20:36][org.springframework.context.support.ClassPathXmlApplicationContext]Exception encountered during context initialization - cancelling refresh attempt: org.springframework.beans.factory.BeanCreationException: Error creating bean with name 'accountController': Injection of autowired dependencies failed; nested exception is java.lang.NoClassDefFoundError: org/quartz/JobDetail
  [INFO] [2016-10-20 10:20:36][org.springframework.scheduling.concurrent.ThreadPoolTaskScheduler]Shutting down ExecutorService 'scheduler'
  [INFO] [2016-10-20 10:20:36][org.springframework.scheduling.concurrent.ThreadPoolTaskExecutor]Shutting down ExecutorService
  [INFO] [2016-10-20 10:23:35][org.springframework.context.support.ClassPathXmlApplicationContext]Refreshing org.springframework.context.support.ClassPathXmlApplicationContext@11641923: startup date [Thu Oct 20 10:23:35 CST 2016]; root of context hierarchy
  [INFO] [2016-10-20 10:23:35][org.springframework.beans.factory.xml.XmlBeanDefinitionReader]Loading XML bean definitions from class path resource [spring-mvc.xml]
  [INFO] [2016-10-20 10:23:35][org.springframework.beans.factory.xml.XmlBeanDefinitionReader]Loading XML bean definitions from URL [file:/D:/JavaProject/workspance/quicksand/target/classes/spring-mvc-task.xml]
  [INFO] [2016-10-20 10:23:35][org.springframework.beans.factory.annotation.AutowiredAnnotationBeanPostProcessor]JSR-330 'javax.inject.Inject' annotation found and supported for autowiring
  [INFO] [2016-10-20 10:23:35][org.springframework.scheduling.concurrent.ThreadPoolTaskExecutor]Initializing ExecutorService 
  [INFO] [2016-10-20 10:23:35][org.springframework.context.support.PostProcessorRegistrationDelegate$BeanPostProcessorChecker]Bean 'executor' of type [class org.springframework.scheduling.config.TaskExecutorFactoryBean] is not eligible for getting processed by all BeanPostProcessors (for example: not eligible for auto-proxying)
  [INFO] [2016-10-20 10:23:35][org.springframework.context.support.PostProcessorRegistrationDelegate$BeanPostProcessorChecker]Bean 'executor' of type [class org.springframework.scheduling.concurrent.ThreadPoolTaskExecutor] is not eligible for getting processed by all BeanPostProcessors (for example: not eligible for auto-proxying)
  [INFO] [2016-10-20 10:23:35][org.springframework.scheduling.concurrent.ThreadPoolTaskScheduler]Initializing ExecutorService  'scheduler'
  [INFO] [2016-10-20 10:23:35][org.springframework.context.support.PostProcessorRegistrationDelegate$BeanPostProcessorChecker]Bean 'scheduler' of type [class org.springframework.scheduling.concurrent.ThreadPoolTaskScheduler] is not eligible for getting processed by all BeanPostProcessors (for example: not eligible for auto-proxying)
  [WARN] [2016-10-20 10:23:35][org.springframework.context.support.ClassPathXmlApplicationContext]Exception encountered during context initialization - cancelling refresh attempt: org.springframework.beans.factory.BeanCreationException: Error creating bean with name 'accountController': Injection of autowired dependencies failed; nested exception is java.lang.NoClassDefFoundError: org/quartz/JobDetail
  [INFO] [2016-10-20 10:23:35][org.springframework.scheduling.concurrent.ThreadPoolTaskScheduler]Shutting down ExecutorService 'scheduler'
  [INFO] [2016-10-20 10:23:35][org.springframework.scheduling.concurrent.ThreadPoolTaskExecutor]Shutting down ExecutorService
  [INFO] [2016-10-20 10:25:32][org.springframework.context.support.ClassPathXmlApplicationContext]Refreshing org.springframework.context.support.ClassPathXmlApplicationContext@3184df1d: startup date [Thu Oct 20 10:25:32 CST 2016]; root of context hierarchy
  [INFO] [2016-10-20 10:25:32][org.springframework.beans.factory.xml.XmlBeanDefinitionReader]Loading XML bean definitions from class path resource [spring-mvc.xml]
  [INFO] [2016-10-20 10:25:32][org.springframework.beans.factory.xml.XmlBeanDefinitionReader]Loading XML bean definitions from URL [file:/D:/JavaProject/workspance/quicksand/target/classes/spring-mvc-task.xml]
  [INFO] [2016-10-20 10:25:32][org.springframework.beans.factory.annotation.AutowiredAnnotationBeanPostProcessor]JSR-330 'javax.inject.Inject' annotation found and supported for autowiring
  [INFO] [2016-10-20 10:25:32][org.springframework.scheduling.concurrent.ThreadPoolTaskExecutor]Initializing ExecutorService 
  [INFO] [2016-10-20 10:25:32][org.springframework.context.support.PostProcessorRegistrationDelegate$BeanPostProcessorChecker]Bean 'executor' of type [class org.springframework.scheduling.config.TaskExecutorFactoryBean] is not eligible for getting processed by all BeanPostProcessors (for example: not eligible for auto-proxying)
  [INFO] [2016-10-20 10:25:32][org.springframework.context.support.PostProcessorRegistrationDelegate$BeanPostProcessorChecker]Bean 'executor' of type [class org.springframework.scheduling.concurrent.ThreadPoolTaskExecutor] is not eligible for getting processed by all BeanPostProcessors (for example: not eligible for auto-proxying)
  [INFO] [2016-10-20 10:25:32][org.springframework.scheduling.concurrent.ThreadPoolTaskScheduler]Initializing ExecutorService  'scheduler'
  [INFO] [2016-10-20 10:25:32][org.springframework.context.support.PostProcessorRegistrationDelegate$BeanPostProcessorChecker]Bean 'scheduler' of type [class org.springframework.scheduling.concurrent.ThreadPoolTaskScheduler] is not eligible for getting processed by all BeanPostProcessors (for example: not eligible for auto-proxying)
  [WARN] [2016-10-20 10:25:32][org.springframework.context.support.ClassPathXmlApplicationContext]Exception encountered during context initialization - cancelling refresh attempt: org.springframework.beans.factory.BeanCreationException: Error creating bean with name 'accountController': Injection of autowired dependencies failed; nested exception is java.lang.NoClassDefFoundError: org/quartz/JobDetail
  [INFO] [2016-10-20 10:25:32][org.springframework.scheduling.concurrent.ThreadPoolTaskScheduler]Shutting down ExecutorService 'scheduler'
  [INFO] [2016-10-20 10:25:32][org.springframework.scheduling.concurrent.ThreadPoolTaskExecutor]Shutting down ExecutorService
  [INFO] [2016-10-20 10:32:34][org.springframework.context.support.ClassPathXmlApplicationContext]Refreshing org.springframework.context.support.ClassPathXmlApplicationContext@3184df1d: startup date [Thu Oct 20 10:32:34 CST 2016]; root of context hierarchy
  [INFO] [2016-10-20 10:32:34][org.springframework.beans.factory.xml.XmlBeanDefinitionReader]Loading XML bean definitions from class path resource [spring-mvc.xml]
  [INFO] [2016-10-20 10:32:34][org.springframework.beans.factory.xml.XmlBeanDefinitionReader]Loading XML bean definitions from URL [file:/D:/JavaProject/workspance/quicksand/target/classes/spring-mvc-task.xml]
  [INFO] [2016-10-20 10:32:35][org.springframework.beans.factory.annotation.AutowiredAnnotationBeanPostProcessor]JSR-330 'javax.inject.Inject' annotation found and supported for autowiring
  [INFO] [2016-10-20 10:32:35][org.springframework.scheduling.concurrent.ThreadPoolTaskExecutor]Initializing ExecutorService 
  [INFO] [2016-10-20 10:32:35][org.springframework.context.support.PostProcessorRegistrationDelegate$BeanPostProcessorChecker]Bean 'executor' of type [class org.springframework.scheduling.config.TaskExecutorFactoryBean] is not eligible for getting processed by all BeanPostProcessors (for example: not eligible for auto-proxying)
  [INFO] [2016-10-20 10:32:35][org.springframework.context.support.PostProcessorRegistrationDelegate$BeanPostProcessorChecker]Bean 'executor' of type [class org.springframework.scheduling.concurrent.ThreadPoolTaskExecutor] is not eligible for getting processed by all BeanPostProcessors (for example: not eligible for auto-proxying)
  [INFO] [2016-10-20 10:32:35][org.springframework.scheduling.concurrent.ThreadPoolTaskScheduler]Initializing ExecutorService  'scheduler'
  [INFO] [2016-10-20 10:32:35][org.springframework.context.support.PostProcessorRegistrationDelegate$BeanPostProcessorChecker]Bean 'scheduler' of type [class org.springframework.scheduling.concurrent.ThreadPoolTaskScheduler] is not eligible for getting processed by all BeanPostProcessors (for example: not eligible for auto-proxying)
  [WARN] [2016-10-20 10:32:35][org.springframework.context.support.ClassPathXmlApplicationContext]Exception encountered during context initialization - cancelling refresh attempt: org.springframework.beans.factory.BeanCreationException: Error creating bean with name 'accountController': Injection of autowired dependencies failed; nested exception is java.lang.NoClassDefFoundError: org/quartz/JobDetail
  [INFO] [2016-10-20 10:32:35][org.springframework.scheduling.concurrent.ThreadPoolTaskScheduler]Shutting down ExecutorService 'scheduler'
  [INFO] [2016-10-20 10:32:35][org.springframework.scheduling.concurrent.ThreadPoolTaskExecutor]Shutting down ExecutorService
  